#-----------------------------------------------------------
# Vivado v2017.4 (64-bit)
# SW Build 2086221 on Fri Dec 15 20:55:39 MST 2017
# IP Build 2085800 on Fri Dec 15 22:25:07 MST 2017
# Start of session at: Mon Nov 14 12:04:46 2022
# Process ID: 12492
# Current directory: D:/Desktop/experiment/decoder38
# Command line: vivado.exe -gui_launcher_event rodinguilauncherevent12724 D:\Desktop\experiment\decoder38\decoder38.xpr
# Log file: D:/Desktop/experiment/decoder38/vivado.log
# Journal file: D:/Desktop/experiment/decoder38\vivado.jou
#-----------------------------------------------------------
start_guopopen_project D:/Desktop/experiment/decoder38/decoder38.xpr
Scanning sources...
Finished scanning sources
INFO: [IP_Flow 19-234] Refreshing IP repositories
INFO: [IP_Flow 19-1704] No user IP repositories specified
INFO: [IP_Flow 19-2313] Loaded Vivado IP repository 'D:/vivado/Vivado/2017.4/data/ip'upupdate_compile_order -fileset sources_1
exit
INFO: [Common 17-206] Exiting Vivado at Mon Nov 14 12:06:16 2022...
ng synth_design
Using part: xc7a35tcpg236-1
Top: decoder38
---------------------------------------------------------------------------------
Starting RTL Elaboration : Time (s): cpu = 00:00:04 ; elapsed = 00:00:04 . Memory (MB): peak = 865.766 ; gain = 58.574
---------------------------------------------------------------------------------
INFO: [Synth 8-638] synthesizing module 'decoder38' [D:/Desktop/experiment/decoder38/decoder38.srcs/sources_1/new/decoder38.v:23]
INFO: [Synth 8-256] done synthesizing module 'decoder38' (1#1) [D:/Desktop/experiment/decoder38/decoder38.srcs/sources_1/new/decoder38.v:23]
---------------------------------------------------------------------------------
Finished RTL Elaboration : Time (s): cpu = 00:00:04 ; elapsed = 00:00:05 . Memory (MB): peak = 917.910 ; gain = 110.719
---------------------------------------------------------------------------------

Report Check Netlist: 
+------+------------------+-------+---------+-------+------------------+
|      |Item              |Errors |Warnings |Status |Description       |
+------+------------------+-------+---------+-------+------------------+
|1     |multi_driven_nets |      0|        0|Passed |Multi driven nets |
+------+------------------+-------+---------+-------+------------------+
---------------------------------------------------------------------------------
Finished RTL Optimization Phase 1 : Time (s): cpu = 00:00:05 ; elapsed = 00:00:05 . Memory (MB): peak = 917.910 ; gain = 110.719
---------------------------------------------------------------------------------
INFO: [Device 21-403] Loading part xc7a35tcpg236-1
INFO: [Project 1-570] Preparing netlist for logic optimization

Processing XDC Constraints
Initializing timing engine
Completed Processing XDC Constraints

INFO: [Opt 31-138] Pushed 0 inverter(s) to 0 load pin(s).
INFO: [Project 1-111] Unisim Transformation Summary:
No Unisim elements were transformed.

RTL Elaboration Complete:  : Time (s): cpu = 00:00:18 ; elapsed = 00:00:12 . Memory (MB): peak = 1308.176 ; gain = 500.984
6 Infos, 0 Warnings, 0 Critical Warnings and 0 Errors encountered.
synth_design completed successfully
synth_design: Time (s): cpu = 00:00:18 ; elapsed = 00:00:12 . Memory (MB): peak = 1308.176 ; gain = 500.984
exit
INFO: [Common 17-206] Exiting Vivado at Mon Nov 14 12:06:19 2022...
