#-----------------------------------------------------------
# Vivado v2017.4 (64-bit)
# SW Build 2086221 on Fri Dec 15 20:55:39 MST 2017
# IP Build 2085800 on Fri Dec 15 22:25:07 MST 2017
# Start of session at: Sun Dec  3 14:05:27 2023
# Process ID: 8804
# Current directory: C:/Users/邱子杰/Desktop/计组/圣遗物/CPU
# Command line: vivado.exe -gui_launcher_event rodinguilauncherevent25984 C:\Users\邱子杰\Desktop\计组\圣遗物\CPU\CPU.xpr
# Log file: C:/Users/邱子杰/Desktop/计组/圣遗物/CPU/vivado.log
# Journal file: C:/Users/邱子杰/Desktop/计组/圣遗物/CPU\vivado.jou
#-----------------------------------------------------------
start_gui
open_project C:/Users/邱子杰/Desktop/计组/圣遗物/CPU/CPU.xpr
INFO: [Project 1-313] Project file moved from 'D:/Desktop/experiment/CPU' since last save.
Scanning sources...
Finished scanning sources
INFO: [IP_Flow 19-234] Refreshing IP repositories
INFO: [IP_Flow 19-1704] No user IP repositories specified
INFO: [IP_Flow 19-2313] Loaded Vivado IP repository 'D:/vivado/Vivado/2017.4/data/ip'.
open_project: Time (s): cpu = 00:00:19 ; elapsed = 00:00:09 . Memory (MB): peak = 837.445 ; gain = 100.129uupdate_compile_order -fileset sources_1eexit
INFO: [Common 17-206] Exiting Vivado at Sun Dec  3 14:10:13 2023...
