#-----------------------------------------------------------
# Vivado v2017.4 (64-bit)
# SW Build 2086221 on Fri Dec 15 20:55:39 MST 2017
# IP Build 2085800 on Fri Dec 15 22:25:07 MST 2017
# Start of session at: Mon Dec 26 19:34:00 2022
# Process ID: 19188
# Current directory: D:/Desktop/experiment/ALU
# Command line: vivado.exe -gui_launcher_event rodinguilauncherevent15428 D:\Desktop\experiment\ALU\ALU.xpr
# Log file: D:/Desktop/experiment/ALU/vivado.log
# Journal file: D:/Desktop/experiment/ALU\vivado.jou
#-----------------------------------------------------------
start_gui
open_project D:/Desktop/experiment/ALU/ALU.xpr
Scanning sources...
Finished scanning sources
INFO: [IP_Flow 19-234] Refreshing IP repositories
INFO: [IP_Flow 19-1704] No user IP repositories specified
INFO: [IP_Flow 19-2313] Loaded Vivado IP repository 'D:/vivado/Vivado/2017.4/data/ip'.
update_compile_order -fileset sources_1
exit
INFO: [Common 17-206] Exiting Vivado at Mon Dec 26 19:37:07 2022...
