#-----------------------------------------------------------
# Vivado v2017.4 (64-bit)
# SW Build 2086221 on Fri Dec 15 20:55:39 MST 2017
# IP Build 2085800 on Fri Dec 15 22:25:07 MST 2017
# Start of session at: Fri Nov  4 16:50:30 2022
# Process ID: 26284
# Current directory: D:/Desktop/experiment/nand21
# Command line: vivado.exe -gui_launcher_event rodinguilauncherevent24132 D:\Desktop\experiment\nand21\nand21.xpr
# Log file: D:/Desktop/experiment/nand21/vivado.log
# Journal file: D:/Desktop/experiment/nand21\vivado.jou
#-----------------------------------------------------------
start_gui
open_project D:/Desktop/experiment/nand21/nand21.xpr
Scanning sources...
Finished scanning sources
INFO: [IP_Flow 19-234] Refreshing IP repositories
INFO: [IP_Flow 19-1704] No user IP repositories specified
INFO: [IP_Flow 19-2313] Loaded Vivado IP repository 'D:/vivado/Vivado/2017.4/data/ip'.
update_compile_order -fileset sources_1
ipx::package_project -root_dir d:/desktop/experiment/nand21/nand21.srcs -vendor xilinx.com -library user -taxonomy /UserIP
set_property supported_families {artix7l Production qartix7 Production artix7 Production artix7l Production aartix7 Production qartix7 Production artix7{xc7a35tcpg236-1} Beta} [ipx::current_core]
set_property core_revision 2 [ipx::current_core]
ipx::create_xgui_files [ipx::current_core]
ipx::update_checksums [ipx::current_core]
ipx::save_core [ipx::current_core]
set_property  ip_repo_paths  d:/desktop/experiment/nand21/nand21.srcs [current_project]
update_ip_catalog
INFO: [IP_Flow 19-234] Refreshing IP repositories
INFO: [IP_Flow 19-1700] Loaded user IP repository 'd:/desktop/experiment/nand21/nand21.srcs'.
exit
INFO: [Common 17-206] Exiting Vivado at Fri Nov  4 16:55:38 2022...
