#
# A fatal error has been detected by the Java Runtime Environment:
#
#  EXCEPTION_ACCESS_VIOLATION (0xc0000005) at pc=0x00007ffad869485f, pid=16084, tid=0x00000000000028b0
#
# JRE version: Java(TM) SE Runtime Environment (8.0_112-b15) (build 1.8.0_112-b15)
# Java VM: Java HotSpot(TM) 64-Bit Server VM (25.112-b15 mixed mode windows-amd64 compressed oops)
# Problematic frame:
# C  [librdi_common.dll+0x16485f]
#
# Failed to write core dump. Minidumps are not enabled by default on client versions of Windows
#
# If you would like to submit a bug report, please visit:
#   http://bugreport.java.com/bugreport/crash.jsp
# The crash happened outside the Java Virtual Machine in native code.
# See problematic frame for where to report the bug.
#

---------------  T H R E A D  ---------------

Current thread (0x0000022915e08000):  JavaThread "AWT-EventQueue-1" [_thread_in_native, id=10416, stack(0x0000004644b00000,0x0000004645000000)]

siginfo: ExceptionCode=0xc0000005, reading address 0xffffffffffffffff

Registers:
RAX=0x0000022971809801, RBX=0x0000004644ffb810, RCX=0x00000229718098b0, RDX=0x80011a00606ee569
RSP=0x0000004644ffb750, RBP=0x0000004644ffb8c9, RSI=0x0000000000000000, RDI=0x80011a00606ee569
R8 =0x0000000000000006, R9 =0x0000000000000000, R10=0x00007ffab2de0000, R11=0x0000004644ffb7d8
R12=0x0000000000000000, R13=0x0000004644ffba90, R14=0x0000000000000000, R15=0x0000000000000000
RIP=0x00007ffad869485f, EFLAGS=0x0000000000010202

Top of Stack: (sp=0x0000004644ffb750)
0x0000004644ffb750:   0000000000000000 0000000000000030
0x0000004644ffb760:   0000000000000020 0000004644ffb810
0x0000004644ffb770:   0000022900000000 fffffffffffffffe
0x0000004644ffb780:   0000000000000000 00007ffb5e03b3c7
0x0000004644ffb790:   0000000000000000 000000000000000f
0x0000004644ffb7a0:   000002291ebbbd90 0000000000000000
0x0000004644ffb7b0:   00007ffab3243d88 0000000000000000
0x0000004644ffb7c0:   00002d116a001034 00007ffb48976248
0x0000004644ffb7d0:   0000004644ffb978 00007ffad85a6f6d
0x0000004644ffb7e0:   0000004644ffb8c9 0000000000000000
0x0000004644ffb7f0:   000002291ed1b840 000002291ebbbd90
0x0000004644ffb800:   000002291ed1b840 fffffffffffffffe
0x0000004644ffb810:   0000000000000000 00007ffab2e15033
0x0000004644ffb820:   0000000000000000 0000000000000000
0x0000004644ffb830:   00002d116a001084 0000000000000000
0x0000004644ffb840:   000002291ebbbda8 00007ffab2fcd4ea 

Instructions: (pc=0x00007ffad869485f)
0x00007ffad869483f:   60 00 cc 48 83 f9 27 76 07 ff 15 aa 73 60 00 cc
0x00007ffad869484f:   48 8b c8 e8 a9 cf 4d 00 48 8b c3 e9 1c 01 00 00
0x00007ffad869485f:   48 8b 4f 50 48 85 c9 0f 84 ff 00 00 00 48 8d 54
0x00007ffad869486f:   24 50 e8 fa ea 04 00 48 8b d0 48 8d 4c 24 30 e8 


Register to memory mapping:

RAX=0x0000022971809801 is an unknown value
RBX=0x0000004644ffb810 is pointing into the stack for thread: 0x0000022915e08000
RCX=0x00000229718098b0 is an unknown value
RDX=0x80011a00606ee569 is an unknown value
RSP=0x0000004644ffb750 is pointing into the stack for thread: 0x0000022915e08000
RBP=0x0000004644ffb8c9 is pointing into the stack for thread: 0x0000022915e08000
RSI=0x0000000000000000 is an unknown value
RDI=0x80011a00606ee569 is an unknown value
R8 =0x0000000000000006 is an unknown value
R9 =0x0000000000000000 is an unknown value
R10=0x00007ffab2de0000 is an unknown value
R11=0x0000004644ffb7d8 is pointing into the stack for thread: 0x0000022915e08000
R12=0x0000000000000000 is an unknown value
R13=0x0000004644ffba90 is pointing into the stack for thread: 0x0000022915e08000
R14=0x0000000000000000 is an unknown value
R15=0x0000000000000000 is an unknown value


Stack: [0x0000004644b00000,0x0000004645000000],  sp=0x0000004644ffb750,  free space=5101k
Native frames: (J=compiled Java code, j=interpreted, Vv=VM code, C=native code)
C  [librdi_common.dll+0x16485f]
C  [librdi_common.dll+0x76f6d]
C  [librdi_wavedata.dll+0x1ed4ea]
C  [librdi_wavedata.dll+0x1ecb02]
C  [librdi_wavedata.dll+0x1ed793]
C  [librdi_wavedata.dll+0x1c8733]
C  [librdi_wavedata.dll+0x1c87b2]
C  [librdi_wavedata.dll+0x1c8873]
C  [librdi_wavedata.dll+0x1bf622]
C  [librdi_wavedata.dll+0x1f3fff]
C  0x00000229032f505a

Java frames: (J=compiled Java code, j=interpreted, Vv=VM code)
J 16952  ui.views.waveform.waveformi.WVExecutive_getNameDataSize(J)J (0 bytes) @ 0x00000229032f4fc1 [0x00000229032f4f80+0x41]
J 16951 C1 ui.views.waveform.executive.a.guv()Lui/views/waveform/executive/protobuf/WVNameValue$WVNameTreeMessage; (70 bytes) @ 0x00000229032f32ec [0x00000229032f3260+0x8c]
J 16950 C1 ui.views.waveform.f.a.gvb()Ljavax/swing/tree/TreeModel; (136 bytes) @ 0x00000229032f177c [0x00000229032f1660+0x11c]
j  ui.views.waveform.f.a.cTD()V+1
J 16944 C1 ui.views.waveform.f.m.cTD()V (22 bytes) @ 0x00000229032ec7c4 [0x00000229032ec620+0x1a4]
j  ui.views.waveform.m.gsh()V+8
J 16961 C1 ui.views.waveform.w.cTD()V (38 bytes) @ 0x00000229032fa354 [0x00000229032f9c40+0x714]
J 15375 C1 ui.views.waveform.c.b.j(Lui/frmwork/b/h;)V (683 bytes) @ 0x0000022902d735ec [0x0000022902d6dee0+0x570c]
J 15374 C1 ui.views.waveform.w.a(Lui/frmwork/b/h;)V (17 bytes) @ 0x0000022901bf755c [0x0000022901bf7480+0xdc]
J 12821 C1 ui.frmwork.b.k.d(Lui/frmwork/b/h;)V (61 bytes) @ 0x0000022901aef764 [0x0000022901aeee80+0x8e4]
J 12802 C1 ui.frmwork.HTclEventBroker.i(JZ)V (497 bytes) @ 0x00000229026fafa4 [0x00000229026f7340+0x3c64]
J 12809 C1 ui.frmwork.HTclEventBroker.fireTclEvent(J)I (113 bytes) @ 0x00000229022af444 [0x00000229022ae960+0xae4]
v  ~StubRoutines::call_stub
j  ui.views.waveform.waveformi.WVExecutive_scrollHSBTo(JI)V+0
J 17222 C1 ui.views.waveform.c.b.c(Ljava/awt/event/AdjustmentEvent;)V (429 bytes) @ 0x0000022903351ebc [0x00000229033513c0+0xafc]
J 17221 C1 ui.views.waveform.t.adjustmentValueChanged(Ljava/awt/event/AdjustmentEvent;)V (15 bytes) @ 0x000002290208f07c [0x000002290208efc0+0xbc]
J 12747 C1 javax.swing.JScrollBar.fireAdjustmentValueChanged(IIIZ)V (78 bytes) @ 0x00000229023fda8c [0x00000229023fd600+0x48c]
J 12745 C1 javax.swing.JScrollBar$ModelListener.stateChanged(Ljavax/swing/event/ChangeEvent;)V (58 bytes) @ 0x0000022900ec4214 [0x0000022900ec3da0+0x474]
J 16910 C2 javax.swing.DefaultBoundedRangeModel.setRangeProperties(IIIIZ)V (134 bytes) @ 0x000002290256d138 [0x000002290256cf80+0x1b8]
J 14606 C1 javax.swing.DefaultBoundedRangeModel.setValue(I)V (66 bytes) @ 0x0000022902c17f84 [0x0000022902c17d80+0x204]
J 15091 C1 javax.swing.JScrollBar.setValue(I)V (49 bytes) @ 0x0000022902d245c4 [0x0000022902d24400+0x1c4]
J 16978 C1 javax.swing.plaf.basic.BasicScrollBarUI$TrackListener.setValueFrom(Ljava/awt/event/MouseEvent;)V (494 bytes) @ 0x000002290114d6cc [0x000002290114c200+0x14cc]
J 17010 C2 javax.swing.JComponent.processMouseMotionEvent(Ljava/awt/event/MouseEvent;)V (46 bytes) @ 0x000002290112866c [0x0000022901128460+0x20c]
J 10193 C2 java.awt.Container.processEvent(Ljava/awt/AWTEvent;)V (22 bytes) @ 0x000002290182b214 [0x000002290182b0a0+0x174]
J 17113 C1 java.awt.Component.dispatchEventImpl(Ljava/awt/AWTEvent;)V (883 bytes) @ 0x0000022902097304 [0x0000022902091e20+0x54e4]
J 11471 C2 java.awt.Container.dispatchEventImpl(Ljava/awt/AWTEvent;)V (129 bytes) @ 0x00000229022d8398 [0x00000229022d8340+0x58]
J 14508 C2 java.awt.LightweightDispatcher.retargetMouseEvent(Ljava/awt/Component;ILjava/awt/event/MouseEvent;)V (350 bytes) @ 0x000002290148631c [0x0000022901485e20+0x4fc]
J 17162 C1 java.awt.LightweightDispatcher.processMouseEvent(Ljava/awt/event/MouseEvent;)Z (286 bytes) @ 0x000002290226ba04 [0x000002290226a3c0+0x1644]
J 16725 C2 java.awt.Window.dispatchEventImpl(Ljava/awt/AWTEvent;)V (23 bytes) @ 0x0000022901ff7bdc [0x0000022901ff7920+0x2bc]
J 14769 C2 java.awt.EventQueue$3.run()Ljava/lang/Object; (5 bytes) @ 0x0000022902cc094c [0x0000022902cc0560+0x3ec]
v  ~StubRoutines::call_stub
J 1866  java.security.AccessController.doPrivileged(Ljava/security/PrivilegedAction;Ljava/security/AccessControlContext;)Ljava/lang/Object; (0 bytes) @ 0x0000022900820526 [0x00000229008204c0+0x66]
J 16059 C2 java.awt.EventQueue$4.run()Ljava/lang/Object; (5 bytes) @ 0x0000022902737eb4 [0x0000022902737d20+0x194]
v  ~StubRoutines::call_stub
J 1866  java.security.AccessController.doPrivileged(Ljava/security/PrivilegedAction;Ljava/security/AccessControlContext;)Ljava/lang/Object; (0 bytes) @ 0x0000022900820526 [0x00000229008204c0+0x66]
J 10561 C2 ui.frmwork.b.d.dispatchEvent(Ljava/awt/AWTEvent;)V (45 bytes) @ 0x0000022901158f20 [0x0000022901158aa0+0x480]
J 17110 C1 java.awt.EventDispatchThread.pumpOneEventForFilters(I)V (295 bytes) @ 0x0000022901a27f1c [0x0000022901a26140+0x1ddc]
j  java.awt.EventDispatchThread.pumpEventsForFilter(ILjava/awt/Conditional;Ljava/awt/EventFilter;)V+35
j  java.awt.EventDispatchThread.pumpEventsForHierarchy(ILjava/awt/Conditional;Ljava/awt/Component;)V+11
j  java.awt.EventDispatchThread.pumpEvents(ILjava/awt/Conditional;)V+4
j  java.awt.EventDispatchThread.pumpEvents(Ljava/awt/Conditional;)V+3
j  java.awt.EventDispatchThread.run()V+9
v  ~StubRoutines::call_stub

---------------  P R O C E S S  ---------------

Java Threads: ( => current thread )
  0x000002291ad11800 JavaThread "Relaunch Simulation" [_thread_blocked, id=14852, stack(0x0000004649c00000,0x000000464a100000)]
  0x0000022917385800 JavaThread "Monitor File Timestamp Swing Worker" [_thread_blocked, id=300, stack(0x0000004648000000,0x0000004648500000)]
  0x0000022917384000 JavaThread "Timer-3" [_thread_blocked, id=17328, stack(0x0000004646700000,0x0000004646c00000)]
  0x000002291ad1f000 JavaThread "Thread-193" [_thread_in_native, id=9292, stack(0x000000463da00000,0x000000463db00000)]
  0x000002291ad1e000 JavaThread "SyntheticaAnimation 50" daemon [_thread_blocked, id=18328, stack(0x000000464a500000,0x000000464aa00000)]
  0x000002291ad16000 JavaThread "Thread-75" [_thread_in_native, id=1820, stack(0x000000464a400000,0x000000464a500000)]
  0x000002291ad1b000 JavaThread "Thread-74" [_thread_in_native, id=7256, stack(0x0000004649e00000,0x0000004649f00000)]
  0x000002291ad19000 JavaThread "Monitor File Timestamp Swing Worker" [_thread_blocked, id=2836, stack(0x0000004645000000,0x0000004645500000)]
  0x000002291ad19800 JavaThread "Timer-1" [_thread_blocked, id=8216, stack(0x0000004643c00000,0x0000004644100000)]
  0x000002291ad1c000 JavaThread "SyntheticaAnimation 50" daemon [_thread_blocked, id=520, stack(0x0000004648500000,0x0000004648a00000)]
  0x000002291ad16800 JavaThread "Thread-21" [_thread_in_native, id=1812, stack(0x0000004648600000,0x0000004648700000)]
  0x000002291ad15000 JavaThread "Thread-20" [_thread_in_native, id=16088, stack(0x0000004648500000,0x0000004648600000)]
  0x0000022917381800 JavaThread "hw_ila_monitor" [_thread_blocked, id=20376, stack(0x0000004647b00000,0x0000004648000000)]
  0x0000022917383000 JavaThread "Update Runs Swing Worker" [_thread_blocked, id=10688, stack(0x0000004647600000,0x0000004647b00000)]
  0x0000022917388800 JavaThread "Refresh Filesets Swing Worker" [_thread_blocked, id=14532, stack(0x0000004647100000,0x0000004647600000)]
  0x0000022917382000 JavaThread "SyntheticaAnimation 70" daemon [_thread_blocked, id=9528, stack(0x0000004646c00000,0x0000004647100000)]
  0x0000022917387000 JavaThread "SyntheticaAnimation 25" daemon [_thread_blocked, id=19816, stack(0x0000004646200000,0x0000004646700000)]
  0x0000022917384800 JavaThread "SyntheticaAnimation 50" daemon [_thread_blocked, id=5720, stack(0x0000004645d00000,0x0000004646200000)]
  0x0000022917387800 JavaThread "Batik CleanerThread" daemon [_thread_blocked, id=4860, stack(0x0000004645500000,0x0000004645a00000)]
  0x000002291603a000 JavaThread "SyntheticaCleanerThread" daemon [_thread_blocked, id=11616, stack(0x0000004644100000,0x0000004644600000)]
=>0x0000022915e08000 JavaThread "AWT-EventQueue-1" [_thread_in_native, id=10416, stack(0x0000004644b00000,0x0000004645000000)]
  0x0000022915df8800 JavaThread "Process Messages" [_thread_blocked, id=20004, stack(0x0000004644600000,0x0000004644b00000)]
  0x000002291616d800 JavaThread "Thread-3" [_thread_in_native, id=16428, stack(0x000000463dc00000,0x000000463f000000)]
  0x000002297ef6d000 JavaThread "AWT-Windows" daemon [_thread_in_native, id=11012, stack(0x0000004643700000,0x0000004643c00000)]
  0x000002297ef7b000 JavaThread "AWT-Shutdown" [_thread_blocked, id=19864, stack(0x0000004643200000,0x0000004643700000)]
  0x000002297ef7a000 JavaThread "Java2D Disposer" daemon [_thread_blocked, id=11512, stack(0x0000004642d00000,0x0000004643200000)]
  0x000002297efc0800 JavaThread "TimerQueue" daemon [_thread_blocked, id=17044, stack(0x0000004642800000,0x0000004642d00000)]
  0x000002297d464000 JavaThread "Service Thread" daemon [_thread_blocked, id=3472, stack(0x0000004642200000,0x0000004642700000)]
  0x000002297d445000 JavaThread "C1 CompilerThread11" daemon [_thread_blocked, id=20316, stack(0x0000004642100000,0x0000004642200000)]
  0x000002297d444000 JavaThread "C1 CompilerThread10" daemon [_thread_blocked, id=5012, stack(0x0000004642000000,0x0000004642100000)]
  0x000002297d441800 JavaThread "C1 CompilerThread9" daemon [_thread_blocked, id=15576, stack(0x0000004641f00000,0x0000004642000000)]
  0x000002297d440800 JavaThread "C1 CompilerThread8" daemon [_thread_blocked, id=2740, stack(0x0000004641e00000,0x0000004641f00000)]
  0x000002297d43d800 JavaThread "C2 CompilerThread7" daemon [_thread_blocked, id=10528, stack(0x0000004641d00000,0x0000004641e00000)]
  0x000002297d438800 JavaThread "C2 CompilerThread6" daemon [_thread_blocked, id=16640, stack(0x0000004641c00000,0x0000004641d00000)]
  0x000002297d438000 JavaThread "C2 CompilerThread5" daemon [_thread_blocked, id=12676, stack(0x0000004641b00000,0x0000004641c00000)]
  0x000002297d437000 JavaThread "C2 CompilerThread4" daemon [_thread_blocked, id=8364, stack(0x0000004641a00000,0x0000004641b00000)]
  0x000002297d436800 JavaThread "C2 CompilerThread3" daemon [_thread_blocked, id=3408, stack(0x0000004641900000,0x0000004641a00000)]
  0x000002297d433800 JavaThread "C2 CompilerThread2" daemon [_thread_blocked, id=7252, stack(0x0000004641800000,0x0000004641900000)]
  0x000002297d433000 JavaThread "C2 CompilerThread1" daemon [_thread_blocked, id=1636, stack(0x0000004641700000,0x0000004641800000)]
  0x000002297b7ae000 JavaThread "C2 CompilerThread0" daemon [_thread_blocked, id=19512, stack(0x0000004641600000,0x0000004641700000)]
  0x000002297b7ac000 JavaThread "Attach Listener" daemon [_thread_blocked, id=10976, stack(0x0000004641100000,0x0000004641600000)]
  0x000002297d3dc000 JavaThread "Signal Dispatcher" daemon [_thread_blocked, id=6184, stack(0x0000004640c00000,0x0000004641100000)]
  0x000002297d3c3800 JavaThread "Finalizer" daemon [_thread_blocked, id=19568, stack(0x0000004640700000,0x0000004640c00000)]
  0x000002297b790800 JavaThread "Reference Handler" daemon [_thread_blocked, id=7888, stack(0x0000004640200000,0x0000004640700000)]
  0x0000022979514000 JavaThread "main" [_thread_blocked, id=12580, stack(0x000000463f300000,0x000000463f400000)]

Other Threads:
  0x000002297b787800 VMThread [stack: 0x0000004640100000,0x0000004640200000] [id=7896]
  0x000002297d4bf000 WatcherThread [stack: 0x0000004642700000,0x0000004642800000] [id=12084]

VM state:not at safepoint (normal execution)

VM Mutex/Monitor currently owned by a thread: None

Heap:
 PSYoungGen      total 57856K, used 2319K [0x00000007bc400000, 0x00000007c0000000, 0x00000007c0000000)
  eden space 54272K, 4% used [0x00000007bc400000,0x00000007bc643ce8,0x00000007bf900000)
  from space 3584K, 0% used [0x00000007bf900000,0x00000007bf900000,0x00000007bfc80000)
  to   space 3584K, 0% used [0x00000007bfc80000,0x00000007bfc80000,0x00000007c0000000)
 ParOldGen       total 164352K, used 52260K [0x0000000700000000, 0x000000070a080000, 0x00000007bc400000)
  object space 164352K, 31% used [0x0000000700000000,0x0000000703309248,0x000000070a080000)
 Metaspace       used 67710K, capacity 68377K, committed 69248K, reserved 1110016K
  class space    used 9117K, capacity 9260K, committed 9344K, reserved 1048576K

Card table byte_map: [0x00000229799d0000,0x0000022979fe0000] byte_map_base: 0x00000229761d0000

Marking Bits: (ParMarkBitMap*) 0x000000005ef9a6d0
 Begin Bits: [0x000002290f000000, 0x0000022912000000)
 End Bits:   [0x0000022912000000, 0x0000022915000000)

Polling page: 0x000002296f9e0000

CodeCache: size=245760Kb used=52500Kb max_used=52506Kb free=193259Kb
 bounds [0x0000022900000000, 0x00000229033a0000, 0x000002290f000000]
 total_blobs=14336 nmethods=13446 adapters=790
 compilation: enabled

Compilation events (10 events):
Event: 1113.030 Thread 0x000002297b7ae000 17227       4       ui.views.waveform.executive.protobuf.WVPrefs$WVColorPrefs$Builder::ensureColoredObjectsIsMutable (36 bytes)
Event: 1113.030 Thread 0x000002297d438000 17228       4       ui.views.waveform.executive.protobuf.WVPrefs$WVColoredObject::getDescription (41 bytes)
Event: 1113.031 Thread 0x000002297d433800 nmethod 17225 0x0000022903350b90 code [0x0000022903350ce0, 0x0000022903350ee8]
Event: 1113.031 Thread 0x000002297b7ae000 nmethod 17227 0x0000022903396490 code [0x00000229033965e0, 0x0000022903396878]
Event: 1113.032 Thread 0x000002297d438000 nmethod 17228 0x0000022903395bd0 code [0x0000022903395d40, 0x00000229033960c8]
Event: 1113.033 Thread 0x000002297d437000 nmethod 17226 0x00000229033973d0 code [0x0000022903397540, 0x0000022903397b98]
Event: 1113.238 Thread 0x000002297d444000 17229       3       com.jidesoft.grid.JideTable::setModel (105 bytes)
Event: 1113.238 Thread 0x000002297d445000 17230       3       javax.swing.SizeSequence::getSizes (53 bytes)
Event: 1113.238 Thread 0x000002297d445000 nmethod 17230 0x0000022903396cd0 code [0x0000022903396e60, 0x0000022903397160]
Event: 1113.239 Thread 0x000002297d444000 nmethod 17229 0x0000022903399f90 code [0x000002290339a1a0, 0x000002290339b120]

GC Heap History (10 events):
Event: 1112.830 GC heap before
{Heap before GC invocations=182 (full 57):
 PSYoungGen      total 57856K, used 3216K [0x00000007bc400000, 0x00000007c0000000, 0x00000007c0000000)
  eden space 54272K, 0% used [0x00000007bc400000,0x00000007bc400000,0x00000007bf900000)
  from space 3584K, 89% used [0x00000007bf900000,0x00000007bfc242f8,0x00000007bfc80000)
  to   space 3584K, 0% used [0x00000007bfc80000,0x00000007bfc80000,0x00000007c0000000)
 ParOldGen       total 164352K, used 55187K [0x0000000700000000, 0x000000070a080000, 0x00000007bc400000)
  object space 164352K, 33% used [0x0000000700000000,0x00000007035e4f20,0x000000070a080000)
 Metaspace       used 67703K, capacity 68313K, committed 69248K, reserved 1110016K
  class space    used 9117K, capacity 9260K, committed 9344K, reserved 1048576K
Event: 1112.942 GC heap after
Heap after GC invocations=182 (full 57):
 PSYoungGen      total 57856K, used 0K [0x00000007bc400000, 0x00000007c0000000, 0x00000007c0000000)
  eden space 54272K, 0% used [0x00000007bc400000,0x00000007bc400000,0x00000007bf900000)
  from space 3584K, 0% used [0x00000007bf900000,0x00000007bf900000,0x00000007bfc80000)
  to   space 3584K, 0% used [0x00000007bfc80000,0x00000007bfc80000,0x00000007c0000000)
 ParOldGen       total 164352K, used 52670K [0x0000000700000000, 0x000000070a080000, 0x00000007bc400000)
  object space 164352K, 32% used [0x0000000700000000,0x000000070336fb08,0x000000070a080000)
 Metaspace       used 67703K, capacity 68313K, committed 69248K, reserved 1110016K
  class space    used 9117K, capacity 9260K, committed 9344K, reserved 1048576K
}
Event: 1112.962 GC heap before
{Heap before GC invocations=183 (full 57):
 PSYoungGen      total 57856K, used 5769K [0x00000007bc400000, 0x00000007c0000000, 0x00000007c0000000)
  eden space 54272K, 10% used [0x00000007bc400000,0x00000007bc9a2628,0x00000007bf900000)
  from space 3584K, 0% used [0x00000007bf900000,0x00000007bf900000,0x00000007bfc80000)
  to   space 3584K, 0% used [0x00000007bfc80000,0x00000007bfc80000,0x00000007c0000000)
 ParOldGen       total 164352K, used 52670K [0x0000000700000000, 0x000000070a080000, 0x00000007bc400000)
  object space 164352K, 32% used [0x0000000700000000,0x000000070336fb08,0x000000070a080000)
 Metaspace       used 67709K, capacity 68313K, committed 69248K, reserved 1110016K
  class space    used 9117K, capacity 9260K, committed 9344K, reserved 1048576K
Event: 1112.965 GC heap after
Heap after GC invocations=183 (full 57):
 PSYoungGen      total 57856K, used 2130K [0x00000007bc400000, 0x00000007c0000000, 0x00000007c0000000)
  eden space 54272K, 0% used [0x00000007bc400000,0x00000007bc400000,0x00000007bf900000)
  from space 3584K, 59% used [0x00000007bfc80000,0x00000007bfe94b30,0x00000007c0000000)
  to   space 3584K, 0% used [0x00000007bf900000,0x00000007bf900000,0x00000007bfc80000)
 ParOldGen       total 164352K, used 56164K [0x0000000700000000, 0x000000070a080000, 0x00000007bc400000)
  object space 164352K, 34% used [0x0000000700000000,0x00000007036d9168,0x000000070a080000)
 Metaspace       used 67709K, capacity 68313K, committed 69248K, reserved 1110016K
  class space    used 9117K, capacity 9260K, committed 9344K, reserved 1048576K
}
Event: 1112.965 GC heap before
{Heap before GC invocations=184 (full 58):
 PSYoungGen      total 57856K, used 2130K [0x00000007bc400000, 0x00000007c0000000, 0x00000007c0000000)
  eden space 54272K, 0% used [0x00000007bc400000,0x00000007bc400000,0x00000007bf900000)
  from space 3584K, 59% used [0x00000007bfc80000,0x00000007bfe94b30,0x00000007c0000000)
  to   space 3584K, 0% used [0x00000007bf900000,0x00000007bf900000,0x00000007bfc80000)
 ParOldGen       total 164352K, used 56164K [0x0000000700000000, 0x000000070a080000, 0x00000007bc400000)
  object space 164352K, 34% used [0x0000000700000000,0x00000007036d9168,0x000000070a080000)
 Metaspace       used 67709K, capacity 68313K, committed 69248K, reserved 1110016K
  class space    used 9117K, capacity 9260K, committed 9344K, reserved 1048576K
Event: 1113.020 GC heap after
Heap after GC invocations=184 (full 58):
 PSYoungGen      total 57856K, used 0K [0x00000007bc400000, 0x00000007c0000000, 0x00000007c0000000)
  eden space 54272K, 0% used [0x00000007bc400000,0x00000007bc400000,0x00000007bf900000)
  from space 3584K, 0% used [0x00000007bfc80000,0x00000007bfc80000,0x00000007c0000000)
  to   space 3584K, 0% used [0x00000007bf900000,0x00000007bf900000,0x00000007bfc80000)
 ParOldGen       total 164352K, used 52265K [0x0000000700000000, 0x000000070a080000, 0x00000007bc400000)
  object space 164352K, 31% used [0x0000000700000000,0x000000070330a7b8,0x000000070a080000)
 Metaspace       used 67709K, capacity 68313K, committed 69248K, reserved 1110016K
  class space    used 9117K, capacity 9260K, committed 9344K, reserved 1048576K
}
Event: 1113.042 GC heap before
{Heap before GC invocations=185 (full 58):
 PSYoungGen      total 57856K, used 7559K [0x00000007bc400000, 0x00000007c0000000, 0x00000007c0000000)
  eden space 54272K, 13% used [0x00000007bc400000,0x00000007bcb61d88,0x00000007bf900000)
  from space 3584K, 0% used [0x00000007bfc80000,0x00000007bfc80000,0x00000007c0000000)
  to   space 3584K, 0% used [0x00000007bf900000,0x00000007bf900000,0x00000007bfc80000)
 ParOldGen       total 164352K, used 52265K [0x0000000700000000, 0x000000070a080000, 0x00000007bc400000)
  object space 164352K, 31% used [0x0000000700000000,0x000000070330a7b8,0x000000070a080000)
 Metaspace       used 67710K, capacity 68377K, committed 69248K, reserved 1110016K
  class space    used 9117K, capacity 9260K, committed 9344K, reserved 1048576K
Event: 1113.045 GC heap after
Heap after GC invocations=185 (full 58):
 PSYoungGen      total 57856K, used 2034K [0x00000007bc400000, 0x00000007c0000000, 0x00000007c0000000)
  eden space 54272K, 0% used [0x00000007bc400000,0x00000007bc400000,0x00000007bf900000)
  from space 3584K, 56% used [0x00000007bf900000,0x00000007bfafcb30,0x00000007bfc80000)
  to   space 3584K, 0% used [0x00000007bfc80000,0x00000007bfc80000,0x00000007c0000000)
 ParOldGen       total 164352K, used 55759K [0x0000000700000000, 0x000000070a080000, 0x00000007bc400000)
  object space 164352K, 33% used [0x0000000700000000,0x0000000703673e18,0x000000070a080000)
 Metaspace       used 67710K, capacity 68377K, committed 69248K, reserved 1110016K
  class space    used 9117K, capacity 9260K, committed 9344K, reserved 1048576K
}
Event: 1113.045 GC heap before
{Heap before GC invocations=186 (full 59):
 PSYoungGen      total 57856K, used 2034K [0x00000007bc400000, 0x00000007c0000000, 0x00000007c0000000)
  eden space 54272K, 0% used [0x00000007bc400000,0x00000007bc400000,0x00000007bf900000)
  from space 3584K, 56% used [0x00000007bf900000,0x00000007bfafcb30,0x00000007bfc80000)
  to   space 3584K, 0% used [0x00000007bfc80000,0x00000007bfc80000,0x00000007c0000000)
 ParOldGen       total 164352K, used 55759K [0x0000000700000000, 0x000000070a080000, 0x00000007bc400000)
  object space 164352K, 33% used [0x0000000700000000,0x0000000703673e18,0x000000070a080000)
 Metaspace       used 67710K, capacity 68377K, committed 69248K, reserved 1110016K
  class space    used 9117K, capacity 9260K, committed 9344K, reserved 1048576K
Event: 1113.111 GC heap after
Heap after GC invocations=186 (full 59):
 PSYoungGen      total 57856K, used 0K [0x00000007bc400000, 0x00000007c0000000, 0x00000007c0000000)
  eden space 54272K, 0% used [0x00000007bc400000,0x00000007bc400000,0x00000007bf900000)
  from space 3584K, 0% used [0x00000007bf900000,0x00000007bf900000,0x00000007bfc80000)
  to   space 3584K, 0% used [0x00000007bfc80000,0x00000007bfc80000,0x00000007c0000000)
 ParOldGen       total 164352K, used 52260K [0x0000000700000000, 0x000000070a080000, 0x00000007bc400000)
  object space 164352K, 31% used [0x0000000700000000,0x0000000703309248,0x000000070a080000)
 Metaspace       used 67710K, capacity 68377K, committed 69248K, reserved 1110016K
  class space    used 9117K, capacity 9260K, committed 9344K, reserved 1048576K
}

Deoptimization events (10 events):
Event: 1108.273 Thread 0x0000022915e08000 Uncommon trap: reason=unstable_if action=reinterpret pc=0x00000229031503e4 method=com.jidesoft.grid.JideTable.getCellRect(IIZ)Ljava/awt/Rectangle; @ 206
Event: 1108.273 Thread 0x0000022915e08000 Uncommon trap: reason=unstable_if action=reinterpret pc=0x00000229014c28b0 method=com.jidesoft.grid.TreeTableModel.getRowAt(I)Lcom/jidesoft/grid/Row; @ 7
Event: 1109.254 Thread 0x0000022915e08000 Uncommon trap: reason=unstable_if action=reinterpret pc=0x0000022902c4a544 method=de.javasoft.plaf.synthetica.painter.UIKey.<init>(Ljava/lang/String;Lde/javasoft/plaf/synthetica/SyntheticaState;IIILjava/lang/String;)V @ 273
Event: 1109.254 Thread 0x0000022915e08000 Uncommon trap: reason=unstable_if action=reinterpret pc=0x00000229026e4bb4 method=de.javasoft.plaf.synthetica.painter.AnimationThreadFactory$AnimationThread.addComponent(Ljavax/swing/JComponent;Ljava/lang/String;II[Ljava/lang/String;ILjava/awt/Rectangle;)
Event: 1109.257 Thread 0x0000022915e08000 Uncommon trap: reason=unstable_if action=reinterpret pc=0x0000022902dc35e0 method=de.javasoft.plaf.synthetica.plain.GraphicsUtils.paintText(Ljavax/swing/plaf/synth/SynthContext;Ljava/awt/Graphics;Ljava/lang/String;III)V @ 69
Event: 1109.341 Thread 0x0000022915e08000 Uncommon trap: reason=unstable_if action=reinterpret pc=0x0000022901821c54 method=javax.swing.AbstractButton.setEnabled(Z)V @ 13
Event: 1109.407 Thread 0x0000022915e08000 Uncommon trap: reason=class_check action=maybe_recompile pc=0x000002290277f98c method=javax.swing.plaf.synth.ParsedSynthStyle$DelegatingPainter.paintPanelBackground(Ljavax/swing/plaf/synth/SynthContext;Ljava/awt/Graphics;IIII)V @ 16
Event: 1109.453 Thread 0x0000022915e08000 Uncommon trap: reason=class_check action=maybe_recompile pc=0x000002290277f98c method=javax.swing.plaf.synth.ParsedSynthStyle$DelegatingPainter.paintPanelBackground(Ljavax/swing/plaf/synth/SynthContext;Ljava/awt/Graphics;IIII)V @ 16
Event: 1110.330 Thread 0x0000022915e08000 Uncommon trap: reason=class_check action=maybe_recompile pc=0x000002290277f98c method=javax.swing.plaf.synth.ParsedSynthStyle$DelegatingPainter.paintPanelBackground(Ljavax/swing/plaf/synth/SynthContext;Ljava/awt/Graphics;IIII)V @ 16
Event: 1110.383 Thread 0x0000022915e08000 Uncommon trap: reason=class_check action=maybe_recompile pc=0x000002290277f98c method=javax.swing.plaf.synth.ParsedSynthStyle$DelegatingPainter.paintPanelBackground(Ljavax/swing/plaf/synth/SynthContext;Ljava/awt/Graphics;IIII)V @ 16

Internal exceptions (10 events):
Event: 1103.613 Thread 0x0000022915e08000 Implicit null exception at 0x000002290071e6d8 to 0x0000022900721181
Event: 1104.090 Thread 0x0000022915e08000 Implicit null exception at 0x000002290312b328 to 0x000002290312db21
Event: 1105.143 Thread 0x0000022915e08000 Implicit null exception at 0x000002290303b583 to 0x000002290303b6c3
Event: 1105.143 Thread 0x0000022915e08000 Implicit null exception at 0x0000022902c8c9dc to 0x0000022902c8d001
Event: 1105.163 Thread 0x0000022915e08000 Implicit null exception at 0x0000022902e9348f to 0x0000022902e94411
Event: 1105.169 Thread 0x0000022915e08000 Exception <a 'java/io/FileNotFoundException'> (0x00000007bce48668) thrown at [C:\re\workspace\8-2-build-windows-amd64-cygwin\jdk8u112\7884\hotspot\src\share\vm\prims\jni.cpp, line 709]
Event: 1105.294 Thread 0x0000022915e08000 Exception <a 'java/io/FileNotFoundException'> (0x00000007bcee9b70) thrown at [C:\re\workspace\8-2-build-windows-amd64-cygwin\jdk8u112\7884\hotspot\src\share\vm\prims\jni.cpp, line 709]
Event: 1106.951 Thread 0x0000022915e08000 Implicit null exception at 0x0000022902a5374c to 0x0000022902a537b0
Event: 1110.157 Thread 0x0000022915e08000 Exception <a 'java/io/FileNotFoundException'> (0x00000007be5ebba0) thrown at [C:\re\workspace\8-2-build-windows-amd64-cygwin\jdk8u112\7884\hotspot\src\share\vm\prims\jni.cpp, line 709]
Event: 1110.332 Thread 0x0000022915e08000 Exception <a 'java/io/FileNotFoundException'> (0x00000007bc95e690) thrown at [C:\re\workspace\8-2-build-windows-amd64-cygwin\jdk8u112\7884\hotspot\src\share\vm\prims\jni.cpp, line 709]

Events (10 events):
Event: 1113.020 Executing VM operation: ParallelGCSystemGC done
Event: 1113.021 Thread 0x0000022917386000 Thread exited: 0x0000022917386000
Event: 1113.040 Thread 0x000002291ad13000 Thread added: 0x000002291ad13000
Event: 1113.041 Executing VM operation: RevokeBias
Event: 1113.041 Executing VM operation: RevokeBias done
Event: 1113.041 Thread 0x0000022917386000 Thread added: 0x0000022917386000
Event: 1113.042 Thread 0x0000022917386000 Thread exited: 0x0000022917386000
Event: 1113.042 Executing VM operation: ParallelGCSystemGC
Event: 1113.111 Executing VM operation: ParallelGCSystemGC done
Event: 1113.111 Thread 0x000002291ad13000 Thread exited: 0x000002291ad13000


Dynamic libraries:
0x00007ff7a86f0000 - 0x00007ff7a8720000 	D:\vivado\Vivado\2017.4\bin\unwrapped\win64.o\vivado.exe
0x00007ffb5e010000 - 0x00007ffb5e208000 	C:\WINDOWS\SYSTEM32\ntdll.dll
0x00007ffb5d870000 - 0x00007ffb5d92f000 	C:\WINDOWS\System32\KERNEL32.DLL
0x00007ffb5b9e0000 - 0x00007ffb5bcb2000 	C:\WINDOWS\System32\KERNELBASE.dll
0x00007ffb5b8b0000 - 0x00007ffb5b9b0000 	C:\WINDOWS\System32\ucrtbase.dll
0x00007ffb48870000 - 0x00007ffb488fe000 	C:\WINDOWS\SYSTEM32\MSVCP140.dll
0x00007ffb48970000 - 0x00007ffb4898b000 	C:\WINDOWS\SYSTEM32\VCRUNTIME140.dll
0x00007ffb48860000 - 0x00007ffb4886c000 	C:\WINDOWS\SYSTEM32\VCRUNTIME140_1.dll
0x00007ffb46140000 - 0x00007ffb46154000 	D:\vivado\Vivado\2017.4\lib\win64.o\librdi_commonmain.dll
0x00007ffb44940000 - 0x00007ffb44954000 	D:\vivado\Vivado\2017.4\lib\win64.o\libboost_signals.dll
0x00007ffad8530000 - 0x00007ffad91d6000 	D:\vivado\Vivado\2017.4\lib\win64.o\librdi_common.dll
0x00007ffb5c380000 - 0x00007ffb5c521000 	C:\WINDOWS\System32\USER32.dll
0x00007ffb5b700000 - 0x00007ffb5b722000 	C:\WINDOWS\System32\win32u.dll
0x00007ffb5d710000 - 0x00007ffb5d73b000 	C:\WINDOWS\System32\GDI32.dll
0x00007ffb5b730000 - 0x00007ffb5b83f000 	C:\WINDOWS\System32\gdi32full.dll
0x00007ffb5bcc0000 - 0x00007ffb5bd5d000 	C:\WINDOWS\System32\msvcp_win.dll
0x00007ffb5c050000 - 0x00007ffb5c0fe000 	C:\WINDOWS\System32\ADVAPI32.dll
0x00007ffb5d930000 - 0x00007ffb5d9ce000 	C:\WINDOWS\System32\msvcrt.dll
0x00007ffb5c1a0000 - 0x00007ffb5c23c000 	C:\WINDOWS\System32\sechost.dll
0x00007ffb5d740000 - 0x00007ffb5d865000 	C:\WINDOWS\System32\RPCRT4.dll
0x00007ffb5c530000 - 0x00007ffb5cc74000 	C:\WINDOWS\System32\SHELL32.dll
0x00007ffb31230000 - 0x00007ffb31256000 	D:\vivado\Vivado\2017.4\lib\win64.o\libboost_filesystem.dll
0x00007ffb56c80000 - 0x00007ffb56c8a000 	D:\vivado\Vivado\2017.4\lib\win64.o\librdi_commonversion.dll
0x00007ffaf9cf0000 - 0x00007ffaf9df0000 	D:\vivado\Vivado\2017.4\lib\win64.o\librdi_commonxillic.dll
0x00000000601f0000 - 0x000000006031b000 	D:\vivado\Vivado\2017.4\lib\win64.o\tcl85t.dll
0x00007ffb5d5b0000 - 0x00007ffb5d61b000 	C:\WINDOWS\System32\WS2_32.dll
0x00007ffae25c0000 - 0x00007ffae292e000 	D:\vivado\Vivado\2017.4\lib\win64.o\libCOIN-all.dll
0x00007ffadbce0000 - 0x00007ffadbf95000 	D:\vivado\Vivado\2017.4\lib\win64.o\libXil_lmgr11.dll
0x00007ffb5c240000 - 0x00007ffb5c31a000 	C:\WINDOWS\System32\COMDLG32.dll
0x00007ffb5ceb0000 - 0x00007ffb5d205000 	C:\WINDOWS\System32\combase.dll
0x00007ffb5d660000 - 0x00007ffb5d70d000 	C:\WINDOWS\System32\shcore.dll
0x00007ffb5c320000 - 0x00007ffb5c375000 	C:\WINDOWS\System32\SHLWAPI.dll
0x00007ffb5ccf0000 - 0x00007ffb5cdbd000 	C:\WINDOWS\System32\OLEAUT32.dll
0x00007ffb5dea0000 - 0x00007ffb5dfca000 	C:\WINDOWS\System32\ole32.dll
0x00007ffb5b840000 - 0x00007ffb5b8a9000 	C:\WINDOWS\System32\WINTRUST.dll
0x00007ffb5be10000 - 0x00007ffb5bf66000 	C:\WINDOWS\System32\CRYPT32.dll
0x00007ffb30c10000 - 0x00007ffb30c24000 	D:\vivado\Vivado\2017.4\lib\win64.o\libboost_date_time.dll
0x00007ffb17190000 - 0x00007ffb1720f000 	D:\vivado\Vivado\2017.4\lib\win64.o\libboost_program_options.dll
0x00007ffaef5c0000 - 0x00007ffaef6d4000 	D:\vivado\Vivado\2017.4\lib\win64.o\libboost_regex.dll
0x00007ffb44930000 - 0x00007ffb4493b000 	D:\vivado\Vivado\2017.4\lib\win64.o\libboost_system.dll
0x00007ffb30790000 - 0x00007ffb307b1000 	D:\vivado\Vivado\2017.4\lib\win64.o\libboost_thread.dll
0x00007ffb42010000 - 0x00007ffb4201f000 	D:\vivado\Vivado\2017.4\lib\win64.o\libboost_xilinx.dll
0x00007ffb06150000 - 0x00007ffb061d2000 	D:\vivado\Vivado\2017.4\lib\win64.o\libhdlpsolve.dll
0x00007ffaf5000000 - 0x00007ffaf50a5000 	D:\vivado\Vivado\2017.4\lib\win64.o\libhdxml.dll
0x00007ffadb350000 - 0x00007ffadb93b400 	D:\vivado\Vivado\2017.4\lib\win64.o\libisl_iostreams.dll
0x00007ffb30710000 - 0x00007ffb3073e000 	D:\vivado\Vivado\2017.4\lib\win64.o\libisl_sysinfo.dll
0x000000005e780000 - 0x000000005f01a000 	D:\vivado\Vivado\2017.4\tps\win64\jre\bin\server\jvm.dll
0x00007ffb5cc80000 - 0x00007ffb5cc88000 	C:\WINDOWS\System32\PSAPI.DLL
0x00007ffb2bdb0000 - 0x00007ffb2be15000 	D:\vivado\Vivado\2017.4\lib\win64.o\liblmx6.0.dll
0x00007ffb30b80000 - 0x00007ffb30b95000 	D:\vivado\Vivado\2017.4\lib\win64.o\pthreadVC2.dll
0x00007ffad83d0000 - 0x00007ffad8521000 	D:\vivado\Vivado\2017.4\lib\win64.o\librdi_curl.dll
0x00007ffb48c40000 - 0x00007ffb49119000 	C:\WINDOWS\SYSTEM32\WININET.dll
0x00007ffb53520000 - 0x00007ffb5362c000 	C:\WINDOWS\SYSTEM32\WINHTTP.dll
0x00007ffb4fe50000 - 0x00007ffb5003d000 	C:\WINDOWS\SYSTEM32\urlmon.dll
0x00007ffb2bc00000 - 0x00007ffb2bc1c000 	D:\vivado\Vivado\2017.4\lib\win64.o\librdiconfig.dll
0x00007ffb3bac0000 - 0x00007ffb3bac9000 	C:\WINDOWS\SYSTEM32\WSOCK32.dll
0x00007ffb2a9c0000 - 0x00007ffb2a9e1000 	D:\vivado\Vivado\2017.4\lib\win64.o\librdizlib.dll
0x00007ffb49150000 - 0x00007ffb49169000 	C:\WINDOWS\SYSTEM32\NETAPI32.dll
0x00007ffb4b990000 - 0x00007ffb4ba40000 	C:\WINDOWS\WinSxS\amd64_microsoft.windows.common-controls_6595b64144ccf1df_5.82.19041.1110_none_792d1c772443f647\COMCTL32.dll
0x00007ffb54d60000 - 0x00007ffb54d7d000 	C:\WINDOWS\SYSTEM32\dhcpcsvc.DLL
0x0000000012000000 - 0x0000000012272000 	D:\vivado\Vivado\2017.4\lib\win64.o\xerces-c_3_1.dll
0x00007ffad7530000 - 0x00007ffad83c1000 	D:\vivado\Vivado\2017.4\lib\win64.o\gurobi65.dll
0x00007ffb27c60000 - 0x00007ffb27c91000 	C:\WINDOWS\SYSTEM32\VCOMP140.DLL
0x00007ffb52d80000 - 0x00007ffb52da7000 	C:\WINDOWS\SYSTEM32\WINMM.dll
0x00007ffb54d10000 - 0x00007ffb54d1a000 	C:\WINDOWS\SYSTEM32\VERSION.dll
0x00007ffb41fe0000 - 0x00007ffb41fed000 	D:\vivado\Vivado\2017.4\lib\win64.o\libboost_chrono.dll
0x00007ffb2bbe0000 - 0x00007ffb2bbfb000 	D:\vivado\Vivado\2017.4\lib\win64.o\libboost_iostreams.dll
0x00007ffb4ba80000 - 0x00007ffb4bd31000 	C:\WINDOWS\SYSTEM32\iertutil.dll
0x00007ffb4fd80000 - 0x00007ffb4fda8000 	C:\WINDOWS\SYSTEM32\srvcli.dll
0x00007ffb5ac50000 - 0x00007ffb5ac5c000 	C:\WINDOWS\SYSTEM32\netutils.dll
0x00007ffb1bbd0000 - 0x00007ffb1bbf5000 	D:\vivado\Vivado\2017.4\lib\win64.o\libisl_iosutils.dll
0x000000005e6a0000 - 0x000000005e772000 	C:\WINDOWS\SYSTEM32\MSVCR100.dll
0x00007ffaf4530000 - 0x00007ffaf45fe000 	C:\WINDOWS\SYSTEM32\MSVCR110.dll
0x00007ffb5d620000 - 0x00007ffb5d652000 	C:\WINDOWS\System32\IMM32.DLL
0x00007ffb5b2f0000 - 0x00007ffb5b302000 	C:\WINDOWS\SYSTEM32\MSASN1.dll
0x00007ffb59f50000 - 0x00007ffb59f62000 	C:\WINDOWS\SYSTEM32\kernel.appcore.dll
0x00007ffad70a0000 - 0x00007ffad752a000 	D:\vivado\Vivado\2017.4\lib\win64.o\librdi_commontasks.dll
0x00007ffad6e60000 - 0x00007ffad709f000 	D:\vivado\Vivado\2017.4\lib\win64.o\librdi_sio.dll
0x00007ffb5aad0000 - 0x00007ffb5ab0b000 	C:\WINDOWS\SYSTEM32\IPHLPAPI.DLL
0x00007ffb597a0000 - 0x00007ffb59f32000 	C:\WINDOWS\SYSTEM32\windows.storage.dll
0x00007ffb5b0f0000 - 0x00007ffb5b120000 	C:\WINDOWS\SYSTEM32\Wldp.dll
0x00007ffad4cf0000 - 0x00007ffad6e55000 	D:\vivado\Vivado\2017.4\lib\win64.o\librdi_tcltasks.dll
0x00007ffb06ef0000 - 0x00007ffb06f5a000 	D:\vivado\Vivado\2017.4\lib\win64.o\librdi_boarddep.dll
0x00007ffad4b70000 - 0x00007ffad4ce9000 	D:\vivado\Vivado\2017.4\lib\win64.o\librdi_board.dll
0x00007ffad4800000 - 0x00007ffad4b66000 	D:\vivado\Vivado\2017.4\lib\win64.o\librdi_bitstream.dll
0x00007ffad45b0000 - 0x00007ffad47f6000 	D:\vivado\Vivado\2017.4\lib\win64.o\librdi_chipscope.dll
0x00007ffad2ea0000 - 0x00007ffad45ab000 	D:\vivado\Vivado\2017.4\lib\win64.o\librdi_constraints.dll
0x00007ffad2d70000 - 0x00007ffad2e98000 	D:\vivado\Vivado\2017.4\lib\win64.o\librdi_containers.dll
0x00007ffacfd60000 - 0x00007ffad2d6e000 	D:\vivado\Vivado\2017.4\lib\win64.o\librdi_coregen.dll
0x00007ffacf680000 - 0x00007ffacfd57000 	D:\vivado\Vivado\2017.4\lib\win64.o\librdi_coregenipxact.dll
0x00007ffacbb00000 - 0x00007ffacf676000 	D:\vivado\Vivado\2017.4\lib\win64.o\librdi_designutils.dll
0x00007ffabf560000 - 0x00007ffacbaf2000 	D:\vivado\Vivado\2017.4\lib\win64.o\librdi_device.dll
0x00007ffabf2e0000 - 0x00007ffabf555000 	D:\vivado\Vivado\2017.4\lib\win64.o\librdi_dlyest.dll
0x00007ffabeba0000 - 0x00007ffabf2d8000 	D:\vivado\Vivado\2017.4\lib\win64.o\librdi_drc.dll
0x00007ffaf3340000 - 0x00007ffaf340e000 	D:\vivado\Vivado\2017.4\lib\win64.o\librdi_dsp.dll
0x00007ffabe5f0000 - 0x00007ffabeba0000 	D:\vivado\Vivado\2017.4\lib\win64.o\librdi_filemgmt.dll
0x00007ffabe370000 - 0x00007ffabe5eb000 	D:\vivado\Vivado\2017.4\lib\win64.o\librdi_guitools.dll
0x00007ffb05180000 - 0x00007ffb051d8000 	D:\vivado\Vivado\2017.4\lib\win64.o\librdi_hdf.dll
0x00007ffabd4a0000 - 0x00007ffabe369000 	D:\vivado\Vivado\2017.4\lib\win64.o\librdi_implflow.dll
0x00007ffabcea0000 - 0x00007ffabd497000 	D:\vivado\Vivado\2017.4\lib\win64.o\librdi_memdata.dll
0x00007ffab99f0000 - 0x00007ffabce91000 	D:\vivado\Vivado\2017.4\lib\win64.o\librdi_mig.dll
0x00007ffab9550000 - 0x00007ffab99e3000 	D:\vivado\Vivado\2017.4\lib\win64.o\librdi_netlist.dll
0x00007ffaf5110000 - 0x00007ffaf5157000 	D:\vivado\Vivado\2017.4\lib\win64.o\librdi_pfi.dll
0x00007ffab74a0000 - 0x00007ffab9545000 	D:\vivado\Vivado\2017.4\lib\win64.o\librdi_place.dll
0x00007ffab7270000 - 0x00007ffab749b000 	D:\vivado\Vivado\2017.4\lib\win64.o\librdi_platform.dll
0x00007ffab6be0000 - 0x00007ffab726e000 	D:\vivado\Vivado\2017.4\lib\win64.o\librdi_power.dll
0x00007ffab6680000 - 0x00007ffab6bd4000 	D:\vivado\Vivado\2017.4\lib\win64.o\librdi_project.dll
0x00007ffab6010000 - 0x00007ffab667d000 	D:\vivado\Vivado\2017.4\lib\win64.o\librdi_psta.dll
0x00007ffab5870000 - 0x00007ffab6007000 	D:\vivado\Vivado\2017.4\lib\win64.o\librdi_rsb.dll
0x00007ffab5490000 - 0x00007ffab5869000 	D:\vivado\Vivado\2017.4\lib\win64.o\librdi_runs.dll
0x00007ffaf2750000 - 0x00007ffaf2827000 	D:\vivado\Vivado\2017.4\lib\win64.o\librdi_runsbase.dll
0x00007ffab52d0000 - 0x00007ffab5488000 	D:\vivado\Vivado\2017.4\lib\win64.o\librdi_simdata.dll
0x00007ffab4640000 - 0x00007ffab52c3000 	D:\vivado\Vivado\2017.4\lib\win64.o\librdi_timing.dll
0x00007ffaf0bb0000 - 0x00007ffaf0bfc000 	D:\vivado\Vivado\2017.4\lib\win64.o\libboost_serialization.dll
0x00007ffaf0b40000 - 0x00007ffaf0bab000 	D:\vivado\Vivado\2017.4\lib\win64.o\librdi_hip_devdesign.dll
0x00007ffaef4e0000 - 0x00007ffaef522000 	D:\vivado\Vivado\2017.4\lib\win64.o\librdi_ipconfig_readwrite.dll
0x00007ffb16cb0000 - 0x00007ffb16cdf000 	D:\vivado\Vivado\2017.4\lib\win64.o\librdi_noc_frameworks.dll
0x00007ffab4490000 - 0x00007ffab463b000 	D:\vivado\Vivado\2017.4\lib\win64.o\librdi_nocdb.dll
0x00007ffab42c0000 - 0x00007ffab4487000 	D:\vivado\Vivado\2017.4\lib\win64.o\librdi_noctools.dll
0x00007ffab32b0000 - 0x00007ffab37fe000 	D:\vivado\Vivado\2017.4\lib\win64.o\librdi_xdm.dll
0x00007ffab3800000 - 0x00007ffab42b3000 	D:\vivado\Vivado\2017.4\lib\win64.o\libverific.dll
0x00007ffaeeb90000 - 0x00007ffaeec2e000 	D:\vivado\Vivado\2017.4\lib\win64.o\libise.dll
0x00007ffaeea10000 - 0x00007ffaeea56000 	D:\vivado\Vivado\2017.4\lib\win64.o\librdi_wavedata_SimpleApi.dll
0x00007ffab2de0000 - 0x00007ffab32a3000 	D:\vivado\Vivado\2017.4\lib\win64.o\librdi_wavedata.dll
0x00007ffab1fb0000 - 0x00007ffab2de0000 	D:\vivado\Vivado\2017.4\lib\win64.o\librdi_route.dll
0x00007ffab1d70000 - 0x00007ffab1fa7000 	D:\vivado\Vivado\2017.4\lib\win64.o\librdi_hsm.dll
0x00007ffab17a0000 - 0x00007ffab1d62000 	D:\vivado\Vivado\2017.4\lib\win64.o\librdi_abc_nomp.dll
0x00007ffb29240000 - 0x00007ffb2925a000 	D:\vivado\Vivado\2017.4\lib\win64.o\librdi_hmetis.dll

VM Arguments:
jvm_args: -Dsun.java2d.pmoffscreen=false -Dsun.java2d.xrender=false -Dsun.java2d.d3d=false -Dsun.awt.nopixfmt=true -Xverify:none -Dswing.aatext=true -XX:-UsePerfData -Djdk.map.althashing.threshold=512 -XX:StringTableSize=4072 -XX:NewSize=60m -XX:MaxNewSize=60m -Xms128m -Xmx3072m -Xss5m 
java_command: <unknown>
java_class_path (initial): D:/vivado/Vivado/2017.4\lib\classes\alloy.jar;D:/vivado/Vivado/2017.4\lib\classes\autopilot.scelaborator.jar;D:/vivado/Vivado/2017.4\lib\classes\autopilot.sourceprocessor.jar;D:/vivado/Vivado/2017.4\lib\classes\autopilot.tbprocessor.jar;D:/vivado/Vivado/2017.4\lib\classes\batik-anim.jar;D:/vivado/Vivado/2017.4\lib\classes\batik-awt-util.jar;D:/vivado/Vivado/2017.4\lib\classes\batik-bridge.jar;D:/vivado/Vivado/2017.4\lib\classes\batik-codec.jar;D:/vivado/Vivado/2017.4\lib\classes\batik-css.jar;D:/vivado/Vivado/2017.4\lib\classes\batik-dom.jar;D:/vivado/Vivado/2017.4\lib\classes\batik-ext.jar;D:/vivado/Vivado/2017.4\lib\classes\batik-gui-util.jar;D:/vivado/Vivado/2017.4\lib\classes\batik-gvt.jar;D:/vivado/Vivado/2017.4\lib\classes\batik-parser.jar;D:/vivado/Vivado/2017.4\lib\classes\batik-script.jar;D:/vivado/Vivado/2017.4\lib\classes\batik-svg-dom.jar;D:/vivado/Vivado/2017.4\lib\classes\batik-swing.jar;D:/vivado/Vivado/2017.4\lib\classes\batik-transcoder.jar;D:/vivado/Vivado/2017.4\lib\classes\batik-util.jar;D:/vivado/Vivado/2017.4\lib\classes\batik-xml.jar;D:/vivado/Vivado/2017.4\lib\classes\com.ibm.icu_4.4.2.v20110208.jar;D:/vivado/Vivado/2017.4\lib\classes\commons-math-2.2.jar;D:/vivado/Vivado/2017.4\lib\classes\dom4j-1.6.1.jar;D:/vivado/Vivado/2017.4\lib\classes\guava-18.0.jar;D:/vivado/Vivado/2017.4\lib\classes\help.jar;D:/vivado/Vivado/2017.4\lib\classes\hsqldb.jar;D:/vivado/Vivado/2017.4\lib\classes\jargs.jar;D:/vivado/Vivado/2017.4\lib\classes\jh.jar;D:/vivado/Vivado/2017.4\lib\classes\jide-action.jar;D:/vivado/Vivado/2017.4\lib\classes\jide-charts.jar;D:/vivado/Vivado/2017.4\lib\classes\jide-common.jar;D:/vivado/Vivado/2017.4\lib\classes\jide-components.jar;D:/vivado/Vivado/2017.4\lib\classes\jide-dashboard.jar;D:/vivado/Vivado/2017.4\lib\classes\jide-data.jar;D:/vivado/Vivado/2017.4\lib\classes\jide-dialogs.jar;D:/vivado/Vivado/2017.4\lib\classes\jide-diff.jar;D:/vivado/Vivado/2017.4\lib\classes\jide-dock.jar;D:/vivado/Vivado/20
Launcher Type: generic

Environment Variables:
PATH=D:/vivado/Vivado/2017.4/bin;D:/vivado/Vivado/2017.4/lib/win64.o;D:/vivado/Vivado/2017.4/tps/win64/jre/bin/server;D:/vivado/Vivado/2017.4/tps/win64/jre/bin;D:/vivado/Vivado/2017.4/ids_lite/ISE/bin/nt64;D:/vivado/Vivado/2017.4/ids_lite/ISE/lib/nt64;C:\Program Files (x86)\Common Files\Oracle\Java\javapath;D:\Program Files (x86)\VMware\bin\;C:\Program Files (x86)\Common Files\Intel\Shared Libraries\redist\intel64\compiler;C:\Windows\system32;C:\Windows;C:\Windows\System32\Wbem;C:\Windows\System32\WindowsPowerShell\v1.0\;C:\Windows\System32\OpenSSH\;C:\Program Files (x86)\NVIDIA Corporation\PhysX\Common;C:\Program Files\NVIDIA Corporation\NVIDIA NvDLISR;D:\matlab\runtime\win64;D:\matlab\bin;C:\Program Files\Microsoft SQL Server\130\Tools\Binn\;D:\Git\cmd;C:\Program Files\CMake\bin;D:\vcpkg;D:\python\Scripts\;D:\python\;C:\Users\95866\AppData\Local\Microsoft\WindowsApps;d:\mingw64\bin;D:\Microsoft VS Code\bin;;D:/vivado/Vivado/2017.4\tps\mingw\6.2.0\win64.o\nt\bin;D:/vivado/Vivado/2017.4\tps\mingw\6.2.0\win64.o\nt\libexec\gcc\x86_64-w64-mingw32\6.2.0
USERNAME=“π”Œ»À
OS=Windows_NT
PROCESSOR_IDENTIFIER=Intel64 Family 6 Model 165 Stepping 2, GenuineIntel



---------------  S Y S T E M  ---------------

OS: Windows 10.0 , 64 bit Build 19041 (10.0.19041.2364)

CPU:total 16 (8 cores per cpu, 2 threads per core) family 6 model 165 stepping 2, cmov, cx8, fxsr, mmx, sse, sse2, sse3, ssse3, sse4.1, sse4.2, popcnt, avx, avx2, aes, clmul, erms, 3dnowpref, lzcnt, ht, tsc, tscinvbit, bmi1, bmi2, adx

Memory: 4k page, physical 16681776k(9886132k free), swap 34507568k(24387732k free)

vm_info: Java HotSpot(TM) 64-Bit Server VM (25.112-b15) for windows-amd64 JRE (1.8.0_112-b15), built on Sep 22 2016 21:31:56 by "java_re" with MS VC++ 10.0 (VS2010)

time: Wed Jan 18 17:03:08 2023
elapsed time: 1113 seconds (0d 0h 18m 33s)

