#-----------------------------------------------------------
# Vivado v2017.4 (64-bit)
# SW Build 2086221 on Fri Dec 15 20:55:39 MST 2017
# IP Build 2085800 on Fri Dec 15 22:25:07 MST 2017
# Start of session at: Mon Nov 14 17:20:22 2022
# Process ID: 12440
# Current directory: D:/Desktop/experiment/counter74x181
# Command line: vivado.exe -gui_launcher_event rodinguilauncherevent18356 D:\Desktop\experiment\counter74x181\counter74x181.xpr
# Log file: D:/Desktop/experiment/counter74x181/vivado.log
# Journal file: D:/Desktop/experiment/counter74x181\vivado.jou
#-----------------------------------------------------------
start_gui
open_project D:/Desktop/experiment/counter74x181/counter74x181.xpr
Scanning sources...
Finished scanning sources
INFO: [IP_Flow 19-234] Refreshing IP repositories
INFO: [IP_Flow 19-1704] No user IP repositories specified
INFO: [IP_Flow 19-2313] Loaded Vivado IP repository 'D:/vivado/Vivado/2017.4/data/ip'.
update_compile_order -fileset sources_1
launch_simulation
INFO: [Vivado 12-5682] Launching behavioral simulation in 'D:/Desktop/experiment/counter74x181/counter74x181.sim/sim_1/behav/xsim'
INFO: [SIM-utils-51] Simulation object is 'sim_1'
INFO: [SIM-utils-54] Inspecting design source files for 'sim_counter74x181' in fileset 'sim_1'...
INFO: [USF-XSim-97] Finding global include files...
INFO: [USF-XSim-98] Fetching design files from 'sim_1'...
INFO: [USF-XSim-2] XSim::Compile design
INFO: [USF-XSim-61] Executing 'COMPILE and ANALYZE' step in 'D:/Desktop/experiment/counter74x181/counter74x181.sim/sim_1/behav/xsim'
"xvlog --incr --relax -prj sim_counter74x181_vlog.prj"
INFO: [USF-XSim-69] 'compile' step finished in '1' seconds
INFO: [USF-XSim-3] XSim::Elaborate design
INFO: [USF-XSim-61] Executing 'ELABORATE' step in 'D:/Desktop/experiment/counter74x181/counter74x181.sim/sim_1/behav/xsim'
Vivado Simulator 2017.4
Copyright 1986-1999, 2001-2016 Xilinx, Inc. All Rights Reserved.
Running: D:/vivado/Vivado/2017.4/bin/unwrapped/win64.o/xelab.exe -wto 49d18426d280408e99b75ff7effe3271 --incr --debug typical --relax --mt 2 -L xil_defaultlib -L unisims_ver -L unimacro_ver -L secureip --snapshot sim_counter74x181_behav xil_defaultlib.sim_counter74x181 xil_defaultlib.glbl -log elaborate.log 
Using 2 slave threads.
Starting static elaboration
Completed static elaboration
INFO: [XSIM 43-4323] No Change in HDL. Linking previously generated obj files to create kernel
INFO: [USF-XSim-69] 'elaborate' step finished in '1' seconds
INFO: [USF-XSim-4] XSim::Simulate design
INFO: [USF-XSim-61] Executing 'SIMULATE' step in 'D:/Desktop/experiment/counter74x181/counter74x181.sim/sim_1/behav/xsim'
INFO: [USF-XSim-98] *** Running xsim
   with args "sim_counter74x181_behav -key {Behavioral:sim_1:Functional:sim_counter74x181} -tclbatch {sim_counter74x181.tcl} -log {simulate.log}"
INFO: [USF-XSim-8] Loading simulator feature
Vivado Simulator 2017.4
Time resolution is 1 ps
source sim_counter74x181.tcl
# set curr_wave [current_wave_config]
# if { [string length $curr_wave] == 0 } {
#   if { [llength [get_objects]] > 0} {
#     add_wave /
#     set_property needs_save false [current_wave_config]
#   } else {
#      send_msg_id Add_Wave-1 WARNING "No top level signals found. Simulator will start without a wave window. If you want to open a wave window go to 'File->New Waveform Configuration' or type 'create_wave_config' in the TCL console."
#   }
# }
# run 1000ns
INFO: [USF-XSim-96] XSim completed. Design snapshot 'sim_counter74x181_behav' loaded.
INFO: [USF-XSim-97] XSim simulation ran for 1000ns
launch_simulation: Time (s): cpu = 00:00:08 ; elapsed = 00:00:05 . Memory (MB): peak = 819.957 ; gain = 24.996
synth_design -rtl -name rtl_1
Command: synth_design -rtl -name rtl_1
Starting synth_design
Using part: xc7a35tcpg236-1
Top: counter74x181
---------------------------------------------------------------------------------
Starting RTL Elaboration : Time (s): cpu = 00:00:07 ; elapsed = 00:00:04 . Memory (MB): peak = 940.180 ; gain = 120.223
---------------------------------------------------------------------------------
INFO: [Synth 8-638] synthesizing module 'counter74x181' [D:/Desktop/experiment/counter74x181/counter74x181.srcs/sources_1/new/counter74x181.v:23]
	Parameter N bound to: 8 - type: integer 
	Parameter M bound to: 18 - type: integer 
WARNING: [Synth 8-5788] Register TC_reg in module counter74x181 is has both Set and reset with same priority. This may cause simulation mismatches. Consider rewriting code  [D:/Desktop/experiment/counter74x181/counter74x181.srcs/sources_1/new/counter74x181.v:34]
INFO: [Synth 8-256] done synthesizing module 'counter74x181' (1#1) [D:/Desktop/experiment/counter74x181/counter74x181.srcs/sources_1/new/counter74x181.v:23]
---------------------------------------------------------------------------------
Finished RTL Elaboration : Time (s): cpu = 00:00:08 ; elapsed = 00:00:05 . Memory (MB): peak = 991.906 ; gain = 171.949
---------------------------------------------------------------------------------

Report Check Netlist: 
+------+------------------+-------+---------+-------+------------------+
|      |Item              |Errors |Warnings |Status |Description       |
+------+------------------+-------+---------+-------+------------------+
|1     |multi_driven_nets |      0|        0|Passed |Multi driven nets |
+------+------------------+-------+---------+-------+------------------+
---------------------------------------------------------------------------------
Finished RTL Optimization Phase 1 : Time (s): cpu = 00:00:08 ; elapsed = 00:00:05 . Memory (MB): peak = 991.906 ; gain = 171.949
---------------------------------------------------------------------------------
INFO: [Device 21-403] Loading part xc7a35tcpg236-1
INFO: [Project 1-570] Preparing netlist for logic optimization

Processing XDC Constraints
Initializing timing engine
Completed Processing XDC Constraints

INFO: [Opt 31-138] Pushed 0 inverter(s) to 0 load pin(s).
INFO: [Project 1-111] Unisim Transformation Summary:
No Unisim elements were transformed.

RTL Elaboration Complete:  : Time (s): cpu = 00:00:22 ; elapsed = 00:00:12 . Memory (MB): peak = 1366.754 ; gain = 546.797
6 Infos, 1 Warnings, 0 Critical Warnings and 0 Errors encountered.
synth_design completed successfully
synth_design: Time (s): cpu = 00:00:22 ; elapsed = 00:00:12 . Memory (MB): peak = 1366.754 ; gain = 546.797
close_sim
INFO: [Simtcl 6-16] Simulation closed
close_sim: Time (s): cpu = 00:00:00 ; elapsed = 00:00:07 . Memory (MB): peak = 1366.754 ; gain = 0.000
exit
INFO: [Common 17-206] Exiting Vivado at Mon Nov 14 22:20:43 2022...
