
*** Running vivado
    with args -log encoder83_assign.vds -m64 -product Vivado -mode batch -messageDb vivado.pb -notrace -source encoder83_assign.tcl


****** Vivado v2017.4 (64-bit)
  **** SW Build 2086221 on Fri Dec 15 20:55:39 MST 2017
  **** IP Build 2085800 on Fri Dec 15 22:25:07 MST 2017
    ** Copyright 1986-2017 Xilinx, Inc. All Rights Reserved.

source encoder83_assign.tcl -notrace
Command: synth_design -top encoder83_assign -part xc7a35tcpg236-1
Starting synth_design
Attempting to get a license for feature 'Synthesis' and/or device 'xc7a35t'
INFO: [Common 17-349] Got license for feature 'Synthesis' and/or device 'xc7a35t'
INFO: Launching helper process for spawning children vivado processes
INFO: Helper process launched with PID 12648 
---------------------------------------------------------------------------------
Starting Synthesize : Time (s): cpu = 00:00:04 ; elapsed = 00:00:04 . Memory (MB): peak = 330.203 ; gain = 99.922
---------------------------------------------------------------------------------
INFO: [Synth 8-638] synthesizing module 'encoder83_assign' [D:/Desktop/experiment/encoder83/encoder83.srcs/sources_1/new/encoder83_assign.v:23]
ERROR: [Synth 8-27] procedural assign not supported [D:/Desktop/experiment/encoder83/encoder83.srcs/sources_1/new/encoder83_assign.v:30]
ERROR: [Synth 8-285] failed synthesizing module 'encoder83_assign' [D:/Desktop/experiment/encoder83/encoder83.srcs/sources_1/new/encoder83_assign.v:23]
---------------------------------------------------------------------------------
Finished Synthesize : Time (s): cpu = 00:00:05 ; elapsed = 00:00:05 . Memory (MB): peak = 383.039 ; gain = 152.758
---------------------------------------------------------------------------------
synthesize failed
INFO: [Common 17-83] Releasing license: Synthesis
3 Infos, 0 Warnings, 0 Critical Warnings and 3 Errors encountered.
synth_design failed
ERROR: [Common 17-69] Command failed: Vivado Synthesis failed
INFO: [Common 17-206] Exiting Vivado at Sun Nov 13 22:57:15 2022...
