#-----------------------------------------------------------
# Vivado v2017.4 (64-bit)
# SW Build 2086221 on Fri Dec 15 20:55:39 MST 2017
# IP Build 2085800 on Fri Dec 15 22:25:07 MST 2017
# Start of session at: Mon Dec  4 22:37:32 2023
# Process ID: 35252
# Current directory: C:/Users/邱子杰/Desktop/计组/圣遗物/RAM_1Kx16_inout
# Command line: vivado.exe -gui_launcher_event rodinguilauncherevent30784 C:\Users\邱子杰\Desktop\计组\圣遗物\RAM_1Kx16_inout\RAM_1Kx16_inout.xpr
# Log file: C:/Users/邱子杰/Desktop/计组/圣遗物/RAM_1Kx16_inout/vivado.log
# Journal file: C:/Users/邱子杰/Desktop/计组/圣遗物/RAM_1Kx16_inout\vivado.jou
#-----------------------------------------------------------
start_gui
open_project C:/Users/邱子杰/Desktop/计组/圣遗物/RAM_1Kx16_inout/RAM_1Kx16_inout.xpr
INFO: [Project 1-313] Project file moved from 'D:/Desktop/experiment/RAM_1Kx16_inout' since last save.
Scanning sources...
Finished scanning sources
INFO: [IP_Flow 19-234] Refreshing IP repositories
INFO: [IP_Flow 19-1704] No user IP repositories specified
INFO: [IP_Flow 19-2313] Loaded Vivado IP repository 'D:/vivado/Vivado/2017.4/data/ip'.
update_compile_order -fileset sources_1
exit
INFO: [Common 17-206] Exiting Vivado at Mon Dec  4 22:37:52 2023...
