#-----------------------------------------------------------
# Vivado v2017.4 (64-bit)
# SW Build 2086221 on Fri Dec 15 20:55:39 MST 2017
# IP Build 2085800 on Fri Dec 15 22:25:07 MST 2017
# Start of session at: Sun Nov 20 23:44:20 2022
# Process ID: 10084
# Current directory: D:/Desktop/experiment/halfadder
# Command line: vivado.exe -gui_launcher_event rodinguilauncherevent976 D:\Desktop\experiment\halfadder\halfadder.xpr
# Log file: D:/Desktop/experiment/halfadder/vivado.log
# Journal file: D:/Desktop/experiment/halfadder\vivado.jou
#-----------------------------------------------------------
start_gui
open_project D:/Desktop/experiment/halfadder/halfadder.xpr
Scanning sources...
Finished scanning sources
INFO: [IP_Flow 19-234] Refreshing IP repositories
INFO: [IP_Flow 19-1704] No user IP repositories specified
INFO: [IP_Flow 19-2313] Loaded Vivado IP repository 'D:/vivado/Vivado/2017.4/data/ip'.
update_compile_order -fileset sources_1
exit
INFO: [Common 17-206] Exiting Vivado at Sun Nov 20 23:44:41 2022...
