#-----------------------------------------------------------
# Vivado v2017.4 (64-bit)
# SW Build 2086221 on Fri Dec 15 20:55:39 MST 2017
# IP Build 2085800 on Fri Dec 15 22:25:07 MST 2017
# Start of session at: Sat Nov 12 16:40:47 2022
# Process ID: 17076
# Current directory: D:/Desktop/experiment/D_latch
# Command line: vivado.exe -gui_launcher_event rodinguilauncherevent18248 D:\Desktop\experiment\D_latch\D_latch.xpr
# Log file: D:/Desktop/experiment/D_latch/vivado.log
# Journal file: D:/Desktop/experiment/D_latch\vivado.jou
#-----------------------------------------------------------sstart_guioopen_project D:/Desktop/experiment/D_latch/D_latch.xprSScanning sources...Finished scanning sources
INFO: [IP_Flow 19-234] Refreshing IP repositories
INFO: [IP_Flow 19-1704] No user IP repositories specified
IINFO: [IP_Flow 19-2313] Loaded Vivado IP repository 'D:/vivado/Vivado/2017.4/data/ip'.eupdaINFO: [Common 17-206] Exiting Vivado at Sat Nov 12 16:41:06 2022...
s_1
update_compile_order -fileset sim_1
launch_simulation
INFO: [Vivado 12-5682] Launching behavioral simulation in 'D:/Desktop/experiment/D_latch/D_latch.sim/sim_1/behav/xsim'
INFO: [SIM-utils-51] Simulation object is 'sim_1'
INFO: [SIM-utils-54] Inspecting design source files for 'sim_D_latch' in fileset 'sim_1'...
INFO: [USF-XSim-97] Finding global include files...
INFO: [USF-XSim-98] Fetching design files from 'sim_1'...
INFO: [USF-XSim-2] XSim::Compile design
INFO: [USF-XSim-61] Executing 'COMPILE and ANALYZE' step in 'D:/Desktop/experiment/D_latch/D_latch.sim/sim_1/behav/xsim'
"xvlog --incr --relax -prj sim_D_latch_vlog.prj"
INFO: [VRFC 10-2263] Analyzing Verilog file "D:/Desktop/experiment/D_latch/D_latch.srcs/sources_1/new/D_latch.v" into library xil_defaultlib
INFO: [VRFC 10-311] analyzing module D_latch
INFO: [VRFC 10-2263] Analyzing Verilog file "D:/Desktop/experiment/D_latch/D_latch.srcs/sim_1/new/sim_D_latch.v" into library xil_defaultlib
INFO: [VRFC 10-311] analyzing module sim_D_latch
INFO: [VRFC 10-2263] Analyzing Verilog file "D:/Desktop/experiment/D_latch/D_latch.sim/sim_1/behav/xsim/glbl.v" into library xil_defaultlib
INFO: [VRFC 10-311] analyzing module glbl
INFO: [USF-XSim-69] 'compile' step finished in '1' seconds
INFO: [USF-XSim-3] XSim::Elaborate design
INFO: [USF-XSim-61] Executing 'ELABORATE' step in 'D:/Desktop/experiment/D_latch/D_latch.sim/sim_1/behav/xsim'
Vivado Simulator 2017.4
Copyright 1986-1999, 2001-2016 Xilinx, Inc. All Rights Reserved.
Running: D:/vivado/Vivado/2017.4/bin/unwrapped/win64.o/xelab.exe -wto 863c6d054b6c4b4a8ec07a382842b05e --incr --debug typical --relax --mt 2 -L xil_defaultlib -L unisims_ver -L unimacro_ver -L secureip --snapshot sim_D_latch_behav xil_defaultlib.sim_D_latch xil_defaultlib.glbl -log elaborate.log 
Using 2 slave threads.
Starting static elaboration
Completed static elaboration
Starting simulation data flow analysis
Completed simulation data flow analysis
Time Resolution for simulation is 1ps
Compiling module xil_defaultlib.D_latch
Compiling module xil_defaultlib.sim_D_latch
Compiling module xil_defaultlib.glbl
Built simulation snapshot sim_D_latch_behav

****** Webtalk v2017.4 (64-bit)
  **** SW Build 2086221 on Fri Dec 15 20:55:39 MST 2017
  **** IP Build 2085800 on Fri Dec 15 22:25:07 MST 2017
    ** Copyright 1986-2017 Xilinx, Inc. All Rights Reserved.

source D:/Desktop/experiment/D_latch/D_latch.sim/sim_1/behav/xsim/xsim.dir/sim_D_latch_behav/webtalk/xsim_webtalk.tcl -notrace
webtalk_transmit: Time (s): cpu = 00:00:00 ; elapsed = 00:00:05 . Memory (MB): peak = 51.270 ; gain = 0.801
INFO: [Common 17-206] Exiting Webtalk at Sat Nov 12 16:45:11 2022...
run_program: Time (s): cpu = 00:00:00 ; elapsed = 00:00:07 . Memory (MB): peak = 818.363 ; gain = 0.000
INFO: [USF-XSim-69] 'elaborate' step finished in '6' seconds
INFO: [USF-XSim-4] XSim::Simulate design
INFO: [USF-XSim-61] Executing 'SIMULATE' step in 'D:/Desktop/experiment/D_latch/D_latch.sim/sim_1/behav/xsim'
INFO: [USF-XSim-98] *** Running xsim
   with args "sim_D_latch_behav -key {Behavioral:sim_1:Functional:sim_D_latch} -tclbatch {sim_D_latch.tcl} -log {simulate.log}"
INFO: [USF-XSim-8] Loading simulator feature
Vivado Simulator 2017.4
Time resolution is 1 ps
source sim_D_latch.tcl
# set curr_wave [current_wave_config]
# if { [string length $curr_wave] == 0 } {
#   if { [llength [get_objects]] > 0} {
#     add_wave /
#     set_property needs_save false [current_wave_config]
#   } else {
#      send_msg_id Add_Wave-1 WARNING "No top level signals found. Simulator will start without a wave window. If you want to open a wave window go to 'File->New Waveform Configuration' or type 'create_wave_config' in the TCL console."
#   }
# }
# run 1000ns
INFO: [USF-XSim-96] XSim completed. Design snapshot 'sim_D_latch_behav' loaded.
INFO: [USF-XSim-97] XSim simulation ran for 1000ns
launch_simulation: Time (s): cpu = 00:00:05 ; elapsed = 00:00:10 . Memory (MB): peak = 830.164 ; gain = 11.801
close_sim
INFO: [Simtcl 6-16] Simulation closed
launch_simulation
INFO: [Vivado 12-5682] Launching behavioral simulation in 'D:/Desktop/experiment/D_latch/D_latch.sim/sim_1/behav/xsim'
INFO: [SIM-utils-51] Simulation object is 'sim_1'
INFO: [SIM-utils-54] Inspecting design source files for 'sim_D_latch' in fileset 'sim_1'...
INFO: [USF-XSim-97] Finding global include files...
INFO: [USF-XSim-98] Fetching design files from 'sim_1'...
INFO: [USF-XSim-2] XSim::Compile design
INFO: [USF-XSim-61] Executing 'COMPILE and ANALYZE' step in 'D:/Desktop/experiment/D_latch/D_latch.sim/sim_1/behav/xsim'
"xvlog --incr --relax -prj sim_D_latch_vlog.prj"
INFO: [VRFC 10-2263] Analyzing Verilog file "D:/Desktop/experiment/D_latch/D_latch.srcs/sources_1/new/D_latch.v" into library xil_defaultlib
INFO: [VRFC 10-311] analyzing module D_latch
INFO: [VRFC 10-2263] Analyzing Verilog file "D:/Desktop/experiment/D_latch/D_latch.srcs/sim_1/new/sim_D_latch.v" into library xil_defaultlib
INFO: [VRFC 10-311] analyzing module sim_D_latch
INFO: [USF-XSim-69] 'compile' step finished in '1' seconds
INFO: [USF-XSim-3] XSim::Elaborate design
INFO: [USF-XSim-61] Executing 'ELABORATE' step in 'D:/Desktop/experiment/D_latch/D_latch.sim/sim_1/behav/xsim'
Vivado Simulator 2017.4
Copyright 1986-1999, 2001-2016 Xilinx, Inc. All Rights Reserved.
Running: D:/vivado/Vivado/2017.4/bin/unwrapped/win64.o/xelab.exe -wto 863c6d054b6c4b4a8ec07a382842b05e --incr --debug typical --relax --mt 2 -L xil_defaultlib -L unisims_ver -L unimacro_ver -L secureip --snapshot sim_D_latch_behav xil_defaultlib.sim_D_latch xil_defaultlib.glbl -log elaborate.log 
Using 2 slave threads.
Starting static elaboration
Completed static elaboration
Starting simulation data flow analysis
Completed simulation data flow analysis
Time Resolution for simulation is 1ps
Compiling module xil_defaultlib.D_latch
Compiling module xil_defaultlib.sim_D_latch
Compiling module xil_defaultlib.glbl
Built simulation snapshot sim_D_latch_behav
INFO: [USF-XSim-69] 'elaborate' step finished in '1' seconds
INFO: [USF-XSim-4] XSim::Simulate design
INFO: [USF-XSim-61] Executing 'SIMULATE' step in 'D:/Desktop/experiment/D_latch/D_latch.sim/sim_1/behav/xsim'
INFO: [USF-XSim-98] *** Running xsim
   with args "sim_D_latch_behav -key {Behavioral:sim_1:Functional:sim_D_latch} -tclbatch {sim_D_latch.tcl} -log {simulate.log}"
INFO: [USF-XSim-8] Loading simulator feature
Vivado Simulator 2017.4
Time resolution is 1 ps
source sim_D_latch.tcl
# set curr_wave [current_wave_config]
# if { [string length $curr_wave] == 0 } {
#   if { [llength [get_objects]] > 0} {
#     add_wave /
#     set_property needs_save false [current_wave_config]
#   } else {
#      send_msg_id Add_Wave-1 WARNING "No top level signals found. Simulator will start without a wave window. If you want to open a wave window go to 'File->New Waveform Configuration' or type 'create_wave_config' in the TCL console."
#   }
# }
# run 1000ns
INFO: [USF-XSim-96] XSim completed. Design snapshot 'sim_D_latch_behav' loaded.
INFO: [USF-XSim-97] XSim simulation ran for 1000ns
close_sim
INFO: [Simtcl 6-16] Simulation closed
launch_simulation
INFO: [Vivado 12-5682] Launching behavioral simulation in 'D:/Desktop/experiment/D_latch/D_latch.sim/sim_1/behav/xsim'
INFO: [SIM-utils-51] Simulation object is 'sim_1'
INFO: [SIM-utils-54] Inspecting design source files for 'sim_D_latch' in fileset 'sim_1'...
INFO: [USF-XSim-97] Finding global include files...
INFO: [USF-XSim-98] Fetching design files from 'sim_1'...
INFO: [USF-XSim-2] XSim::Compile design
INFO: [USF-XSim-61] Executing 'COMPILE and ANALYZE' step in 'D:/Desktop/experiment/D_latch/D_latch.sim/sim_1/behav/xsim'
"xvlog --incr --relax -prj sim_D_latch_vlog.prj"
INFO: [VRFC 10-2263] Analyzing Verilog file "D:/Desktop/experiment/D_latch/D_latch.srcs/sources_1/new/D_latch.v" into library xil_defaultlib
INFO: [VRFC 10-311] analyzing module D_latch
INFO: [VRFC 10-2263] Analyzing Verilog file "D:/Desktop/experiment/D_latch/D_latch.srcs/sim_1/new/sim_D_latch.v" into library xil_defaultlib
INFO: [VRFC 10-311] analyzing module sim_D_latch
INFO: [USF-XSim-69] 'compile' step finished in '1' seconds
INFO: [USF-XSim-3] XSim::Elaborate design
INFO: [USF-XSim-61] Executing 'ELABORATE' step in 'D:/Desktop/experiment/D_latch/D_latch.sim/sim_1/behav/xsim'
Vivado Simulator 2017.4
Copyright 1986-1999, 2001-2016 Xilinx, Inc. All Rights Reserved.
Running: D:/vivado/Vivado/2017.4/bin/unwrapped/win64.o/xelab.exe -wto 863c6d054b6c4b4a8ec07a382842b05e --incr --debug typical --relax --mt 2 -L xil_defaultlib -L unisims_ver -L unimacro_ver -L secureip --snapshot sim_D_latch_behav xil_defaultlib.sim_D_latch xil_defaultlib.glbl -log elaborate.log 
Using 2 slave threads.
Starting static elaboration
Completed static elaboration
Starting simulation data flow analysis
Completed simulation data flow analysis
Time Resolution for simulation is 1ps
Compiling module xil_defaultlib.D_latch
Compiling module xil_defaultlib.sim_D_latch
Compiling module xil_defaultlib.glbl
Built simulation snapshot sim_D_latch_behav
INFO: [USF-XSim-69] 'elaborate' step finished in '1' seconds
INFO: [USF-XSim-4] XSim::Simulate design
INFO: [USF-XSim-61] Executing 'SIMULATE' step in 'D:/Desktop/experiment/D_latch/D_latch.sim/sim_1/behav/xsim'
INFO: [USF-XSim-98] *** Running xsim
   with args "sim_D_latch_behav -key {Behavioral:sim_1:Functional:sim_D_latch} -tclbatch {sim_D_latch.tcl} -log {simulate.log}"
INFO: [USF-XSim-8] Loading simulator feature
Vivado Simulator 2017.4
Time resolution is 1 ps
source sim_D_latch.tcl
# set curr_wave [current_wave_config]
# if { [string length $curr_wave] == 0 } {
#   if { [llength [get_objects]] > 0} {
#     add_wave /
#     set_property needs_save false [current_wave_config]
#   } else {
#      send_msg_id Add_Wave-1 WARNING "No top level signals found. Simulator will start without a wave window. If you want to open a wave window go to 'File->New Waveform Configuration' or type 'create_wave_config' in the TCL console."
#   }
# }
# run 1000ns
INFO: [USF-XSim-96] XSim completed. Design snapshot 'sim_D_latch_behav' loaded.
INFO: [USF-XSim-97] XSim simulation ran for 1000ns
close_sim
INFO: [Simtcl 6-16] Simulation closed
exit
INFO: [Common 17-206] Exiting Vivado at Sat Nov 12 16:49:59 2022...
